Построение начато 06.02.2014 17:44:13.
     1>Проект "C:\Users\1\Documents\Visual Studio 2010\Projects\Первый\Первый\Первый.vcxproj" в узле 2 (целевые объекты build).
     1>InitializeBuildStatus:
         Создание "Debug\Первый.unsuccessfulbuild", так как было задано "AlwaysCreate".
       ClCompile:
         C:\Program Files\Microsoft Visual Studio 10.0\VC\bin\CL.exe /c /ZI /nologo /W3 /WX- /Od /Oy- /D WIN32 /D _DEBUG /D _CONSOLE /D _UNICODE /D UNICODE /Gm /EHsc /RTC1 /MDd /GS /fp:precise /Zc:wchar_t /Zc:forScope /Fo"Debug\\" /Fd"Debug\vc100.pdb" /Gd /TP /analyze- /errorReport:prompt "Первый.cpp"
         Первый.cpp
     1>c:\users\1\documents\visual studio 2010\projects\первый\первый\первый.cpp(5): warning C4101: n: неиспользованная локальная переменная
       ManifestResourceCompile:
         Для всех выходных данных обновления не требуется.
       Link:
         C:\Program Files\Microsoft Visual Studio 10.0\VC\bin\link.exe /ERRORREPORT:PROMPT /OUT:"C:\Users\1\Documents\Visual Studio 2010\Projects\Первый\Debug\Первый.exe" /INCREMENTAL /NOLOGO kernel32.lib user32.lib gdi32.lib winspool.lib comdlg32.lib advapi32.lib shell32.lib ole32.lib oleaut32.lib uuid.lib odbc32.lib odbccp32.lib /MANIFEST /ManifestFile:"Debug\Первый.exe.intermediate.manifest" /MANIFESTUAC:"level='asInvoker' uiAccess='false'" /DEBUG /PDB:"C:\Users\1\Documents\Visual Studio 2010\Projects\Первый\Debug\Первый.pdb" /SUBSYSTEM:CONSOLE /TLBID:1 /DYNAMICBASE /NXCOMPAT /IMPLIB:"C:\Users\1\Documents\Visual Studio 2010\Projects\Первый\Debug\Первый.lib" /MACHINE:X86 "Debug\Первый.exe.embed.manifest.res"
         Debug\stdafx.obj
         "Debug\Первый.obj"
       Manifest:
         C:\Program Files\Microsoft SDKs\Windows\v7.0A\bin\mt.exe /nologo /verbose /out:"Debug\Первый.exe.embed.manifest" /manifest "Debug\Первый.exe.intermediate.manifest"
         Для всех выходных данных обновления не требуется.
       LinkEmbedManifest:
         Для всех выходных данных обновления не требуется.
         Первый.vcxproj -> C:\Users\1\Documents\Visual Studio 2010\Projects\Первый\Debug\Первый.exe
       FinalizeBuildStatus:
         Файл "Debug\Первый.unsuccessfulbuild" удаляется.
         Обращение к "Debug\Первый.lastbuildstate".
     1>Построение проекта "C:\Users\1\Documents\Visual Studio 2010\Projects\Первый\Первый\Первый.vcxproj" завершено (целевые объекты build).

Построение успешно завершено.

Затраченное время: 00:00:02.56
